# clean-clone verify stack-sort-motzkin-bijection
# started_utc=2026-07-24T06:00:28.281941+00:00
# empty .lake -> rsync mathlib@8f9d9cff -> lake exe cache get && lake build
# no lake update
# mathlib_seed=rsync_shared
info: plausible: cloning https://github.com/leanprover-community/plausible
info: plausible: checking out revision '55c8532eb21ec9f6d565d51d96b8ca50bd1fbef3'
info: LeanSearchClient: cloning https://github.com/leanprover-community/LeanSearchClient
info: LeanSearchClient: checking out revision 'c5d5b8fe6e5158def25cd28eb94e4141ad97c843'
info: importGraph: cloning https://github.com/leanprover-community/import-graph
info: importGraph: checking out revision '85b59af46828c029a9168f2f9c35119bd0721e6e'
info: proofwidgets: cloning https://github.com/leanprover-community/ProofWidgets4
info: proofwidgets: checking out revision 'be3b2e63b1bbf496c478cef98b86972a37c1417d'
info: aesop: cloning https://github.com/leanprover-community/aesop
info: aesop: checking out revision 'f642a64c76df8ba9cb53dba3b919425a0c2aeaf1'
info: Qq: cloning https://github.com/leanprover-community/quote4
info: Qq: checking out revision 'b8f98e9087e02c8553945a2c5abf07cec8e798c3'
info: batteries: cloning https://github.com/leanprover-community/batteries
info: batteries: checking out revision '495c008c3e3f4fb4256ff5582ddb3abf3198026f'
info: Cli: cloning https://github.com/leanprover/lean4-cli
info: Cli: checking out revision '4f10f47646cb7d5748d6f423f4a07f98f7bbcc9e'
✔ [5/23] Built Batteries.Data.String.Basic (6.3s)
✔ [6/23] Built Cache.Init (7.7s)
✔ [7/23] Built Batteries.Data.Array.Match (7.8s)
✔ [8/23] Built Batteries.Data.String.Basic:c.o (2.1s)
✔ [9/23] Built Cache.Init:c.o (1.0s)
✔ [10/23] Built Cache.Lean (9.1s)
✔ [11/23] Built Batteries.Data.Array.Match:c.o (1.0s)
✔ [12/23] Built Cache.Lean:c.o (399ms)
✔ [13/23] Built Batteries.Data.String.Matcher (2.2s)
✔ [14/23] Built Batteries.Data.String.Matcher:c.o (714ms)
✔ [15/23] Built Cache.IO (4.8s)
✔ [16/23] Built Cache.Hashing (6.1s)
✔ [17/23] Built Cache.IO:c.o (6.7s)
✔ [18/23] Built Cache.Hashing:c.o (1.0s)
✔ [19/23] Built Cache.Requests (7.4s)
✔ [20/23] Built Cache.Requests:c.o (5.5s)
✔ [21/23] Built Cache.Main (7.3s)
✔ [22/23] Built Cache.Main:c.o (2.4s)
✔ [23/23] Built cache:exe (7.6s)
Fetching ProofWidgets cloud release... done!
Current branch: HEAD
Using cache (Azure) from origin: leanprover-community/mathlib4
No files to download
Decompressing 8007 file(s) (3 already decompressed)
Decompressed in 51451 ms
Completed successfully!

# lake exe cache get exit=0
⚠ [503/504] Built StackSortMotzkinBijection (53s)
warning: StackSortMotzkinBijection.lean:773:20: This simp argument is unused:
  hlen

Hint: Omit it from the simp argument list.
  simp ̵[̵h̵l̵e̵n̵]̵

Note: This linter can be disabled with `set_option linter.unusedSimpArgs false`
warning: StackSortMotzkinBijection.lean:778:24: This simp argument is unused:
  hlen

Hint: Omit it from the simp argument list.
  simp ̵[̵h̵l̵e̵n̵]̵

Note: This linter can be disabled with `set_option linter.unusedSimpArgs false`
warning: StackSortMotzkinBijection.lean:799:24: This simp argument is unused:
  hlen

Hint: Omit it from the simp argument list.
  simp ̵[̵h̵l̵e̵n̵]̵

Note: This linter can be disabled with `set_option linter.unusedSimpArgs false`
warning: StackSortMotzkinBijection.lean:961:41: try 'simp' instead of 'simpa'

Note: This linter can be disabled with `set_option linter.unnecessarySimpa false`
warning: StackSortMotzkinBijection.lean:877:49: This simp argument is unused:
  List.append_assoc

Hint: Omit it from the simp argument list.
  simp [stUp, List.reverse_cons,̵ ̵L̵i̵s̵t̵.̵a̵p̵p̵e̵n̵d̵_̵a̵s̵s̵o̵c̵]

Note: This linter can be disabled with `set_option linter.unusedSimpArgs false`
warning: StackSortMotzkinBijection.lean:879:49: This simp argument is unused:
  List.append_assoc

Hint: Omit it from the simp argument list.
  simp [stUp, List.reverse_cons,̵ ̵L̵i̵s̵t̵.̵a̵p̵p̵e̵n̵d̵_̵a̵s̵s̵o̵c̵]

Note: This linter can be disabled with `set_option linter.unusedSimpArgs false`
warning: StackSortMotzkinBijection.lean:915:52: This simp argument is unused:
  List.append_assoc

Hint: Omit it from the simp argument list.
  simp [stHoriz, List.reverse_cons,̵ ̵L̵i̵s̵t̵.̵a̵p̵p̵e̵n̵d̵_̵a̵s̵s̵o̵c̵]

Note: This linter can be disabled with `set_option linter.unusedSimpArgs false`
warning: StackSortMotzkinBijection.lean:917:52: This simp argument is unused:
  List.append_assoc

Hint: Omit it from the simp argument list.
  simp [stHoriz, List.reverse_cons,̵ ̵L̵i̵s̵t̵.̵a̵p̵p̵e̵n̵d̵_̵a̵s̵s̵o̵c̵]

Note: This linter can be disabled with `set_option linter.unusedSimpArgs false`
warning: StackSortMotzkinBijection.lean:952:55: This simp argument is unused:
  List.append_assoc

Hint: Omit it from the simp argument list.
  simp [stDown, List.reverse_cons,̵ ̵L̵i̵s̵t̵.̵a̵p̵p̵e̵n̵d̵_̵a̵s̵s̵o̵c̵]

Note: This linter can be disabled with `set_option linter.unusedSimpArgs false`
warning: StackSortMotzkinBijection.lean:1156:39: try 'simp' instead of 'simpa'

Note: This linter can be disabled with `set_option linter.unnecessarySimpa false`
warning: StackSortMotzkinBijection.lean:1168:39: try 'simp' instead of 'simpa'

Note: This linter can be disabled with `set_option linter.unnecessarySimpa false`
Build completed successfully (504 jobs).

# lake build exit=0
# finished_utc=2026-07-24T06:05:28.352443+00:00
# elapsed_s=300.1
